0 info it worked if it ends with ok
1 verbose cli [ '/usr/bin/node', '/usr/bin/npm', 'link' ]
2 info using npm@3.5.2
3 info using node@v8.10.0
4 verbose linkPkg /home/turtle/project/frontend-project-lvl1
5 silly gentlyRm /usr/local/lib/node_modules/frontend-project-lvl1-turtleold is being purged
6 verbose gentlyRm don't care about contents; nuking /usr/local/lib/node_modules/frontend-project-lvl1-turtleold
7 silly vacuum-fs purging /usr/local/lib/node_modules/frontend-project-lvl1-turtleold
8 silly vacuum-fs quitting because other entries in /usr/local/lib/node_modules
9 verbose link build target /usr/local/lib/node_modules/frontend-project-lvl1-turtleold
10 silly loadCurrentTree Starting
11 silly install loadCurrentTree
12 silly install readLocalPackageData
13 silly install normalizeTree
14 silly loadCurrentTree Finishing
15 silly loadIdealTree Starting
16 silly install loadIdealTree
17 silly cloneCurrentTree Starting
18 silly install cloneCurrentTreeToIdealTree
19 silly cloneCurrentTree Finishing
20 silly loadShrinkwrap Starting
21 silly install loadShrinkwrap
22 silly loadShrinkwrap Finishing
23 silly loadAllDepsIntoIdealTree Starting
24 silly install loadAllDepsIntoIdealTree
25 silly fetchNamedPackageData fsevents
26 silly mapToRegistry name fsevents
27 silly mapToRegistry using default registry
28 silly mapToRegistry registry https://registry.npmjs.org/
29 silly mapToRegistry uri https://registry.npmjs.org/fsevents
30 verbose request uri https://registry.npmjs.org/fsevents
31 verbose request no auth needed
32 info attempt registry request try #1 at 3:36:27 PM
33 verbose request using bearer token for auth
34 verbose request id 3715c9659f6291ec
35 verbose etag W/"fbb37e036f39452b3cbdcefd30265919"
36 verbose lastModified Sat, 14 Dec 2019 11:28:26 GMT
37 http request GET https://registry.npmjs.org/fsevents
38 http 304 https://registry.npmjs.org/fsevents
39 verbose headers { date: 'Sun, 26 Jan 2020 12:36:27 GMT',
39 verbose headers   connection: 'keep-alive',
39 verbose headers   'set-cookie':
39 verbose headers    [ '__cfduid=d3507208cb8ac35bcf40ecad962b3011e1580042187; expires=Tue, 25-Feb-20 12:36:27 GMT; path=/; domain=.npmjs.org; HttpOnly; SameSite=Lax' ],
39 verbose headers   'cf-ray': '55b28859ce47904b-DME',
39 verbose headers   age: '6376',
39 verbose headers   'cache-control': 'public, max-age=300',
39 verbose headers   etag: '"fbb37e036f39452b3cbdcefd30265919"',
39 verbose headers   'last-modified': 'Sat, 14 Dec 2019 11:28:26 GMT',
39 verbose headers   vary: 'Accept-Encoding',
39 verbose headers   'cf-cache-status': 'HIT',
39 verbose headers   'expect-ct': 'max-age=604800, report-uri="https://report-uri.cloudflare.com/cdn-cgi/beacon/expect-ct"',
39 verbose headers   server: 'cloudflare' }
40 silly get cb [ 304,
40 silly get   { date: 'Sun, 26 Jan 2020 12:36:27 GMT',
40 silly get     connection: 'keep-alive',
40 silly get     'set-cookie':
40 silly get      [ '__cfduid=d3507208cb8ac35bcf40ecad962b3011e1580042187; expires=Tue, 25-Feb-20 12:36:27 GMT; path=/; domain=.npmjs.org; HttpOnly; SameSite=Lax' ],
40 silly get     'cf-ray': '55b28859ce47904b-DME',
40 silly get     age: '6376',
40 silly get     'cache-control': 'public, max-age=300',
40 silly get     etag: '"fbb37e036f39452b3cbdcefd30265919"',
40 silly get     'last-modified': 'Sat, 14 Dec 2019 11:28:26 GMT',
40 silly get     vary: 'Accept-Encoding',
40 silly get     'cf-cache-status': 'HIT',
40 silly get     'expect-ct': 'max-age=604800, report-uri="https://report-uri.cloudflare.com/cdn-cgi/beacon/expect-ct"',
40 silly get     server: 'cloudflare' } ]
41 verbose etag https://registry.npmjs.org/fsevents from cache
42 verbose get saving fsevents to /home/turtle/.npm/registry.npmjs.org/fsevents/.cache.json
43 silly resolveWithNewModule fsevents@1.2.11 checking installable status
44 silly loadAllDepsIntoIdealTree Finishing
45 silly idealTree:prePrune frontend-project-lvl1-turtleold@1.5.2
45 silly idealTree:prePrune ├── @babel/cli@7.7.7
45 silly idealTree:prePrune ├── @babel/code-frame@7.5.5
45 silly idealTree:prePrune ├─┬ @babel/core@7.7.7
45 silly idealTree:prePrune │ └── semver@5.7.1
45 silly idealTree:prePrune ├── @babel/generator@7.7.7
45 silly idealTree:prePrune ├── @babel/helper-annotate-as-pure@7.7.4
45 silly idealTree:prePrune ├── @babel/helper-builder-binary-assignment-operator-visitor@7.7.4
45 silly idealTree:prePrune ├── @babel/helper-call-delegate@7.7.4
45 silly idealTree:prePrune ├── @babel/helper-create-regexp-features-plugin@7.7.4
45 silly idealTree:prePrune ├── @babel/helper-define-map@7.7.4
45 silly idealTree:prePrune ├── @babel/helper-explode-assignable-expression@7.7.4
45 silly idealTree:prePrune ├── @babel/helper-function-name@7.7.4
45 silly idealTree:prePrune ├── @babel/helper-get-function-arity@7.7.4
45 silly idealTree:prePrune ├── @babel/helper-hoist-variables@7.7.4
45 silly idealTree:prePrune ├── @babel/helper-member-expression-to-functions@7.7.4
45 silly idealTree:prePrune ├── @babel/helper-module-imports@7.7.4
45 silly idealTree:prePrune ├── @babel/helper-module-transforms@7.7.5
45 silly idealTree:prePrune ├── @babel/helper-optimise-call-expression@7.7.4
45 silly idealTree:prePrune ├── @babel/helper-plugin-utils@7.0.0
45 silly idealTree:prePrune ├── @babel/helper-regex@7.5.5
45 silly idealTree:prePrune ├── @babel/helper-remap-async-to-generator@7.7.4
45 silly idealTree:prePrune ├── @babel/helper-replace-supers@7.7.4
45 silly idealTree:prePrune ├── @babel/helper-simple-access@7.7.4
45 silly idealTree:prePrune ├── @babel/helper-split-export-declaration@7.7.4
45 silly idealTree:prePrune ├── @babel/helper-wrap-function@7.7.4
45 silly idealTree:prePrune ├── @babel/helpers@7.7.4
45 silly idealTree:prePrune ├── @babel/highlight@7.5.0
45 silly idealTree:prePrune ├─┬ @babel/node@7.7.7
45 silly idealTree:prePrune │ └── commander@2.20.3
45 silly idealTree:prePrune ├── @babel/parser@7.7.7
45 silly idealTree:prePrune ├── @babel/plugin-proposal-async-generator-functions@7.7.4
45 silly idealTree:prePrune ├── @babel/plugin-proposal-dynamic-import@7.7.4
45 silly idealTree:prePrune ├── @babel/plugin-proposal-json-strings@7.7.4
45 silly idealTree:prePrune ├── @babel/plugin-proposal-object-rest-spread@7.7.7
45 silly idealTree:prePrune ├── @babel/plugin-proposal-optional-catch-binding@7.7.4
45 silly idealTree:prePrune ├── @babel/plugin-proposal-unicode-property-regex@7.7.7
45 silly idealTree:prePrune ├── @babel/plugin-syntax-async-generators@7.7.4
45 silly idealTree:prePrune ├── @babel/plugin-syntax-dynamic-import@7.7.4
45 silly idealTree:prePrune ├── @babel/plugin-syntax-json-strings@7.7.4
45 silly idealTree:prePrune ├── @babel/plugin-syntax-object-rest-spread@7.7.4
45 silly idealTree:prePrune ├── @babel/plugin-syntax-optional-catch-binding@7.7.4
45 silly idealTree:prePrune ├── @babel/plugin-syntax-top-level-await@7.7.4
45 silly idealTree:prePrune ├── @babel/plugin-transform-arrow-functions@7.7.4
45 silly idealTree:prePrune ├── @babel/plugin-transform-async-to-generator@7.7.4
45 silly idealTree:prePrune ├── @babel/plugin-transform-block-scoped-functions@7.7.4
45 silly idealTree:prePrune ├── @babel/plugin-transform-block-scoping@7.7.4
45 silly idealTree:prePrune ├── @babel/plugin-transform-classes@7.7.4
45 silly idealTree:prePrune ├── @babel/plugin-transform-computed-properties@7.7.4
45 silly idealTree:prePrune ├── @babel/plugin-transform-destructuring@7.7.4
45 silly idealTree:prePrune ├── @babel/plugin-transform-dotall-regex@7.7.7
45 silly idealTree:prePrune ├── @babel/plugin-transform-duplicate-keys@7.7.4
45 silly idealTree:prePrune ├── @babel/plugin-transform-exponentiation-operator@7.7.4
45 silly idealTree:prePrune ├── @babel/plugin-transform-for-of@7.7.4
45 silly idealTree:prePrune ├── @babel/plugin-transform-function-name@7.7.4
45 silly idealTree:prePrune ├── @babel/plugin-transform-literals@7.7.4
45 silly idealTree:prePrune ├── @babel/plugin-transform-member-expression-literals@7.7.4
45 silly idealTree:prePrune ├── @babel/plugin-transform-modules-amd@7.7.5
45 silly idealTree:prePrune ├── @babel/plugin-transform-modules-commonjs@7.7.5
45 silly idealTree:prePrune ├── @babel/plugin-transform-modules-systemjs@7.7.4
45 silly idealTree:prePrune ├── @babel/plugin-transform-modules-umd@7.7.4
45 silly idealTree:prePrune ├── @babel/plugin-transform-named-capturing-groups-regex@7.7.4
45 silly idealTree:prePrune ├── @babel/plugin-transform-new-target@7.7.4
45 silly idealTree:prePrune ├── @babel/plugin-transform-object-super@7.7.4
45 silly idealTree:prePrune ├── @babel/plugin-transform-parameters@7.7.7
45 silly idealTree:prePrune ├── @babel/plugin-transform-property-literals@7.7.4
45 silly idealTree:prePrune ├── @babel/plugin-transform-regenerator@7.7.5
45 silly idealTree:prePrune ├── @babel/plugin-transform-reserved-words@7.7.4
45 silly idealTree:prePrune ├── @babel/plugin-transform-shorthand-properties@7.7.4
45 silly idealTree:prePrune ├── @babel/plugin-transform-spread@7.7.4
45 silly idealTree:prePrune ├── @babel/plugin-transform-sticky-regex@7.7.4
45 silly idealTree:prePrune ├── @babel/plugin-transform-template-literals@7.7.4
45 silly idealTree:prePrune ├── @babel/plugin-transform-typeof-symbol@7.7.4
45 silly idealTree:prePrune ├── @babel/plugin-transform-unicode-regex@7.7.4
45 silly idealTree:prePrune ├─┬ @babel/preset-env@7.7.7
45 silly idealTree:prePrune │ ├─┬ core-js-compat@3.6.3
45 silly idealTree:prePrune │ │ └── semver@7.0.0
45 silly idealTree:prePrune │ └── semver@5.7.1
45 silly idealTree:prePrune ├─┬ @babel/register@7.7.7
45 silly idealTree:prePrune │ ├── find-cache-dir@2.1.0
45 silly idealTree:prePrune │ ├── find-up@3.0.0
45 silly idealTree:prePrune │ ├── locate-path@3.0.0
45 silly idealTree:prePrune │ ├── p-limit@2.2.2
45 silly idealTree:prePrune │ ├── p-locate@3.0.0
45 silly idealTree:prePrune │ ├── p-try@2.2.0
45 silly idealTree:prePrune │ └── pkg-dir@3.0.0
45 silly idealTree:prePrune ├── @babel/template@7.7.4
45 silly idealTree:prePrune ├── @babel/traverse@7.7.4
45 silly idealTree:prePrune ├── @babel/types@7.7.4
45 silly idealTree:prePrune ├── acorn-jsx@5.1.0
45 silly idealTree:prePrune ├── acorn@7.1.0
45 silly idealTree:prePrune ├── ajv@6.10.2
45 silly idealTree:prePrune ├── ansi-escapes@4.3.0
45 silly idealTree:prePrune ├── ansi-regex@5.0.0
45 silly idealTree:prePrune ├── ansi-styles@3.2.1
45 silly idealTree:prePrune ├─┬ anymatch@2.0.0
45 silly idealTree:prePrune │ └── normalize-path@2.1.1
45 silly idealTree:prePrune ├── argparse@1.0.10
45 silly idealTree:prePrune ├── arr-diff@4.0.0
45 silly idealTree:prePrune ├── arr-flatten@1.1.0
45 silly idealTree:prePrune ├── arr-union@3.1.0
45 silly idealTree:prePrune ├── array-includes@3.1.1
45 silly idealTree:prePrune ├── array-unique@0.3.2
45 silly idealTree:prePrune ├── array.prototype.flat@1.2.3
45 silly idealTree:prePrune ├── assign-symbols@1.0.0
45 silly idealTree:prePrune ├── astral-regex@1.0.0
45 silly idealTree:prePrune ├── async-each@1.0.3
45 silly idealTree:prePrune ├── atob@2.1.2
45 silly idealTree:prePrune ├── babel-eslint@10.0.3
45 silly idealTree:prePrune ├── babel-plugin-dynamic-import-node@2.3.0
45 silly idealTree:prePrune ├── balanced-match@1.0.0
45 silly idealTree:prePrune ├─┬ base@0.11.2
45 silly idealTree:prePrune │ ├── define-property@1.0.0
45 silly idealTree:prePrune │ ├── is-accessor-descriptor@1.0.0
45 silly idealTree:prePrune │ ├── is-data-descriptor@1.0.0
45 silly idealTree:prePrune │ └── is-descriptor@1.0.2
45 silly idealTree:prePrune ├── binary-extensions@1.13.1
45 silly idealTree:prePrune ├── brace-expansion@1.1.11
45 silly idealTree:prePrune ├─┬ braces@2.3.2
45 silly idealTree:prePrune │ └── extend-shallow@2.0.1
45 silly idealTree:prePrune ├── browserslist@4.8.3
45 silly idealTree:prePrune ├── buffer-from@1.1.1
45 silly idealTree:prePrune ├── cache-base@1.0.1
45 silly idealTree:prePrune ├── callsites@3.1.0
45 silly idealTree:prePrune ├── caniuse-lite@1.0.30001020
45 silly idealTree:prePrune ├── chalk@2.4.2
45 silly idealTree:prePrune ├── chardet@0.7.0
45 silly idealTree:prePrune ├─┬ chokidar@2.1.8
45 silly idealTree:prePrune │ └─┬ glob-parent@3.1.0
45 silly idealTree:prePrune │   └── is-glob@3.1.0
45 silly idealTree:prePrune ├─┬ class-utils@0.3.6
45 silly idealTree:prePrune │ └── define-property@0.2.5
45 silly idealTree:prePrune ├── cli-cursor@3.1.0
45 silly idealTree:prePrune ├── cli-width@2.2.0
45 silly idealTree:prePrune ├── collection-visit@1.0.0
45 silly idealTree:prePrune ├── color-convert@1.9.3
45 silly idealTree:prePrune ├── color-name@1.1.3
45 silly idealTree:prePrune ├── commander@4.1.0
45 silly idealTree:prePrune ├── commondir@1.0.1
45 silly idealTree:prePrune ├── component-emitter@1.3.0
45 silly idealTree:prePrune ├── concat-map@0.0.1
45 silly idealTree:prePrune ├── confusing-browser-globals@1.0.9
45 silly idealTree:prePrune ├── contains-path@0.1.0
45 silly idealTree:prePrune ├── convert-source-map@1.7.0
45 silly idealTree:prePrune ├── copy-descriptor@0.1.1
45 silly idealTree:prePrune ├── core-js@3.6.3
45 silly idealTree:prePrune ├── core-util-is@1.0.2
45 silly idealTree:prePrune ├── debug@4.1.1
45 silly idealTree:prePrune ├── decode-uri-component@0.2.0
45 silly idealTree:prePrune ├── deep-is@0.1.3
45 silly idealTree:prePrune ├── define-properties@1.1.3
45 silly idealTree:prePrune ├─┬ define-property@2.0.2
45 silly idealTree:prePrune │ ├── is-accessor-descriptor@1.0.0
45 silly idealTree:prePrune │ ├── is-data-descriptor@1.0.0
45 silly idealTree:prePrune │ └── is-descriptor@1.0.2
45 silly idealTree:prePrune ├── doctrine@3.0.0
45 silly idealTree:prePrune ├── electron-to-chromium@1.3.331
45 silly idealTree:prePrune ├── emoji-regex@8.0.0
45 silly idealTree:prePrune ├── error-ex@1.3.2
45 silly idealTree:prePrune ├── es-abstract@1.17.0
45 silly idealTree:prePrune ├── es-to-primitive@1.2.1
45 silly idealTree:prePrune ├── escape-string-regexp@1.0.5
45 silly idealTree:prePrune ├── eslint-config-airbnb-base@14.0.0
45 silly idealTree:prePrune ├── eslint-plugin-babel@5.3.0
45 silly idealTree:prePrune ├─┬ eslint-plugin-import@2.20.0
45 silly idealTree:prePrune │ ├── debug@2.6.9
45 silly idealTree:prePrune │ ├── doctrine@1.5.0
45 silly idealTree:prePrune │ ├── eslint-import-resolver-node@0.3.3
45 silly idealTree:prePrune │ ├── eslint-module-utils@2.5.1
45 silly idealTree:prePrune │ └── ms@2.0.0
45 silly idealTree:prePrune ├── eslint-rule-composer@0.3.0
45 silly idealTree:prePrune ├── eslint-scope@5.0.0
45 silly idealTree:prePrune ├── eslint-utils@1.4.3
45 silly idealTree:prePrune ├── eslint-visitor-keys@1.1.0
45 silly idealTree:prePrune ├─┬ eslint@6.8.0
45 silly idealTree:prePrune │ ├─┬ cross-spawn@6.0.5
45 silly idealTree:prePrune │ │ └── semver@5.7.1
45 silly idealTree:prePrune │ └── globals@12.3.0
45 silly idealTree:prePrune ├── espree@6.1.2
45 silly idealTree:prePrune ├── esprima@4.0.1
45 silly idealTree:prePrune ├── esquery@1.0.1
45 silly idealTree:prePrune ├── esrecurse@4.2.1
45 silly idealTree:prePrune ├── estraverse@4.3.0
45 silly idealTree:prePrune ├── esutils@2.0.3
45 silly idealTree:prePrune ├─┬ expand-brackets@2.1.4
45 silly idealTree:prePrune │ ├── debug@2.6.9
45 silly idealTree:prePrune │ ├── define-property@0.2.5
45 silly idealTree:prePrune │ ├── extend-shallow@2.0.1
45 silly idealTree:prePrune │ └── ms@2.0.0
45 silly idealTree:prePrune ├─┬ extend-shallow@3.0.2
45 silly idealTree:prePrune │ └── is-extendable@1.0.1
45 silly idealTree:prePrune ├── external-editor@3.1.0
45 silly idealTree:prePrune ├─┬ extglob@2.0.4
45 silly idealTree:prePrune │ ├── define-property@1.0.0
45 silly idealTree:prePrune │ ├── extend-shallow@2.0.1
45 silly idealTree:prePrune │ ├── is-accessor-descriptor@1.0.0
45 silly idealTree:prePrune │ ├── is-data-descriptor@1.0.0
45 silly idealTree:prePrune │ └── is-descriptor@1.0.2
45 silly idealTree:prePrune ├── fast-deep-equal@2.0.1
45 silly idealTree:prePrune ├── fast-json-stable-stringify@2.1.0
45 silly idealTree:prePrune ├── fast-levenshtein@2.0.6
45 silly idealTree:prePrune ├── figures@3.1.0
45 silly idealTree:prePrune ├── file-entry-cache@5.0.1
45 silly idealTree:prePrune ├─┬ fill-range@4.0.0
45 silly idealTree:prePrune │ └── extend-shallow@2.0.1
45 silly idealTree:prePrune ├── find-up@2.1.0
45 silly idealTree:prePrune ├── flat-cache@2.0.1
45 silly idealTree:prePrune ├── flatted@2.0.1
45 silly idealTree:prePrune ├── for-in@1.0.2
45 silly idealTree:prePrune ├── fragment-cache@0.2.1
45 silly idealTree:prePrune ├── fs-readdir-recursive@1.1.0
45 silly idealTree:prePrune ├── fs.realpath@1.0.0
45 silly idealTree:prePrune ├── function-bind@1.1.1
45 silly idealTree:prePrune ├── functional-red-black-tree@1.0.1
45 silly idealTree:prePrune ├── get-value@2.0.6
45 silly idealTree:prePrune ├── glob-parent@5.1.0
45 silly idealTree:prePrune ├── glob@7.1.6
45 silly idealTree:prePrune ├── globals@11.12.0
45 silly idealTree:prePrune ├── graceful-fs@4.2.3
45 silly idealTree:prePrune ├── has-flag@3.0.0
45 silly idealTree:prePrune ├── has-symbols@1.0.1
45 silly idealTree:prePrune ├── has-value@1.0.0
45 silly idealTree:prePrune ├─┬ has-values@1.0.0
45 silly idealTree:prePrune │ └── kind-of@4.0.0
45 silly idealTree:prePrune ├── has@1.0.3
45 silly idealTree:prePrune ├── homedir-polyfill@1.0.3
45 silly idealTree:prePrune ├── hosted-git-info@2.8.5
45 silly idealTree:prePrune ├── iconv-lite@0.4.24
45 silly idealTree:prePrune ├── ignore@4.0.6
45 silly idealTree:prePrune ├── import-fresh@3.2.1
45 silly idealTree:prePrune ├── imurmurhash@0.1.4
45 silly idealTree:prePrune ├── inflight@1.0.6
45 silly idealTree:prePrune ├── inherits@2.0.4
45 silly idealTree:prePrune ├── inquirer@7.0.3
45 silly idealTree:prePrune ├── invariant@2.2.4
45 silly idealTree:prePrune ├─┬ is-accessor-descriptor@0.1.6
45 silly idealTree:prePrune │ └── kind-of@3.2.2
45 silly idealTree:prePrune ├── is-arrayish@0.2.1
45 silly idealTree:prePrune ├── is-binary-path@1.0.1
45 silly idealTree:prePrune ├── is-buffer@1.1.6
45 silly idealTree:prePrune ├── is-callable@1.1.5
45 silly idealTree:prePrune ├─┬ is-data-descriptor@0.1.4
45 silly idealTree:prePrune │ └── kind-of@3.2.2
45 silly idealTree:prePrune ├── is-date-object@1.0.2
45 silly idealTree:prePrune ├─┬ is-descriptor@0.1.6
45 silly idealTree:prePrune │ └── kind-of@5.1.0
45 silly idealTree:prePrune ├── is-extendable@0.1.1
45 silly idealTree:prePrune ├── is-extglob@2.1.1
45 silly idealTree:prePrune ├── is-fullwidth-code-point@3.0.0
45 silly idealTree:prePrune ├── is-glob@4.0.1
45 silly idealTree:prePrune ├─┬ is-number@3.0.0
45 silly idealTree:prePrune │ └── kind-of@3.2.2
45 silly idealTree:prePrune ├── is-plain-object@2.0.4
45 silly idealTree:prePrune ├── is-promise@2.1.0
45 silly idealTree:prePrune ├── is-regex@1.0.5
45 silly idealTree:prePrune ├── is-string@1.0.5
45 silly idealTree:prePrune ├── is-symbol@1.0.3
45 silly idealTree:prePrune ├── is-windows@1.0.2
45 silly idealTree:prePrune ├── isarray@1.0.0
45 silly idealTree:prePrune ├── isexe@2.0.0
45 silly idealTree:prePrune ├── isobject@3.0.1
45 silly idealTree:prePrune ├── js-levenshtein@1.1.6
45 silly idealTree:prePrune ├── js-tokens@4.0.0
45 silly idealTree:prePrune ├── js-yaml@3.13.1
45 silly idealTree:prePrune ├── jsesc@2.5.2
45 silly idealTree:prePrune ├── json-schema-traverse@0.4.1
45 silly idealTree:prePrune ├── json-stable-stringify-without-jsonify@1.0.1
45 silly idealTree:prePrune ├─┬ json5@2.1.1
45 silly idealTree:prePrune │ └── minimist@1.2.0
45 silly idealTree:prePrune ├── kind-of@6.0.2
45 silly idealTree:prePrune ├── levn@0.3.0
45 silly idealTree:prePrune ├── load-json-file@2.0.0
45 silly idealTree:prePrune ├── locate-path@2.0.0
45 silly idealTree:prePrune ├── lodash@4.17.15
45 silly idealTree:prePrune ├── loose-envify@1.4.0
45 silly idealTree:prePrune ├─┬ make-dir@2.1.0
45 silly idealTree:prePrune │ ├── pify@4.0.1
45 silly idealTree:prePrune │ └── semver@5.7.1
45 silly idealTree:prePrune ├── map-cache@0.2.2
45 silly idealTree:prePrune ├── map-visit@1.0.0
45 silly idealTree:prePrune ├── micromatch@3.1.10
45 silly idealTree:prePrune ├── mimic-fn@2.1.0
45 silly idealTree:prePrune ├── minimatch@3.0.4
45 silly idealTree:prePrune ├── minimist@0.0.8
45 silly idealTree:prePrune ├─┬ mixin-deep@1.3.2
45 silly idealTree:prePrune │ └── is-extendable@1.0.1
45 silly idealTree:prePrune ├── mkdirp@0.5.1
45 silly idealTree:prePrune ├── ms@2.1.2
45 silly idealTree:prePrune ├── mute-stream@0.0.8
45 silly idealTree:prePrune ├── nanomatch@1.2.13
45 silly idealTree:prePrune ├── natural-compare@1.4.0
45 silly idealTree:prePrune ├── nice-try@1.0.5
45 silly idealTree:prePrune ├─┬ node-environment-flags@1.0.6
45 silly idealTree:prePrune │ └── semver@5.7.1
45 silly idealTree:prePrune ├── node-modules-regexp@1.0.0
45 silly idealTree:prePrune ├── node-releases@1.1.45
45 silly idealTree:prePrune ├─┬ normalize-package-data@2.5.0
45 silly idealTree:prePrune │ └── semver@5.7.1
45 silly idealTree:prePrune ├── normalize-path@3.0.0
45 silly idealTree:prePrune ├─┬ object-copy@0.1.0
45 silly idealTree:prePrune │ ├── define-property@0.2.5
45 silly idealTree:prePrune │ └── kind-of@3.2.2
45 silly idealTree:prePrune ├── object-inspect@1.7.0
45 silly idealTree:prePrune ├── object-keys@1.1.1
45 silly idealTree:prePrune ├── object-visit@1.0.1
45 silly idealTree:prePrune ├── object.assign@4.1.0
45 silly idealTree:prePrune ├── object.entries@1.1.1
45 silly idealTree:prePrune ├── object.getownpropertydescriptors@2.1.0
45 silly idealTree:prePrune ├── object.pick@1.3.0
45 silly idealTree:prePrune ├── object.values@1.1.1
45 silly idealTree:prePrune ├── once@1.4.0
45 silly idealTree:prePrune ├── onetime@5.1.0
45 silly idealTree:prePrune ├── optionator@0.8.3
45 silly idealTree:prePrune ├── os-tmpdir@1.0.2
45 silly idealTree:prePrune ├── p-limit@1.3.0
45 silly idealTree:prePrune ├── p-locate@2.0.0
45 silly idealTree:prePrune ├── p-try@1.0.0
45 silly idealTree:prePrune ├── parent-module@1.0.1
45 silly idealTree:prePrune ├── parse-json@2.2.0
45 silly idealTree:prePrune ├── parse-passwd@1.0.0
45 silly idealTree:prePrune ├── pascalcase@0.1.1
45 silly idealTree:prePrune ├── path-dirname@1.0.2
45 silly idealTree:prePrune ├── path-exists@3.0.0
45 silly idealTree:prePrune ├── path-is-absolute@1.0.1
45 silly idealTree:prePrune ├── path-key@2.0.1
45 silly idealTree:prePrune ├── path-parse@1.0.6
45 silly idealTree:prePrune ├── path-type@2.0.0
45 silly idealTree:prePrune ├── pify@2.3.0
45 silly idealTree:prePrune ├── pirates@4.0.1
45 silly idealTree:prePrune ├── pkg-dir@2.0.0
45 silly idealTree:prePrune ├── posix-character-classes@0.1.1
45 silly idealTree:prePrune ├── prelude-ls@1.1.2
45 silly idealTree:prePrune ├── private@0.1.8
45 silly idealTree:prePrune ├── process-nextick-args@2.0.1
45 silly idealTree:prePrune ├── progress@2.0.3
45 silly idealTree:prePrune ├── punycode@2.1.1
45 silly idealTree:prePrune ├── read-pkg-up@2.0.0
45 silly idealTree:prePrune ├── read-pkg@2.0.0
45 silly idealTree:prePrune ├── readable-stream@2.3.7
45 silly idealTree:prePrune ├── readdirp@2.2.1
45 silly idealTree:prePrune ├── readline-sync@1.4.10
45 silly idealTree:prePrune ├── regenerate-unicode-properties@8.1.0
45 silly idealTree:prePrune ├── regenerate@1.4.0
45 silly idealTree:prePrune ├── regenerator-runtime@0.13.3
45 silly idealTree:prePrune ├── regenerator-transform@0.14.1
45 silly idealTree:prePrune ├── regex-not@1.0.2
45 silly idealTree:prePrune ├── regexpp@2.0.1
45 silly idealTree:prePrune ├── regexpu-core@4.6.0
45 silly idealTree:prePrune ├── regjsgen@0.5.1
45 silly idealTree:prePrune ├─┬ regjsparser@0.6.2
45 silly idealTree:prePrune │ └── jsesc@0.5.0
45 silly idealTree:prePrune ├── remove-trailing-separator@1.1.0
45 silly idealTree:prePrune ├── repeat-element@1.1.3
45 silly idealTree:prePrune ├── repeat-string@1.6.1
45 silly idealTree:prePrune ├── resolve-from@4.0.0
45 silly idealTree:prePrune ├── resolve-url@0.2.1
45 silly idealTree:prePrune ├── resolve@1.14.2
45 silly idealTree:prePrune ├── restore-cursor@3.1.0
45 silly idealTree:prePrune ├── ret@0.1.15
45 silly idealTree:prePrune ├── rimraf@2.6.3
45 silly idealTree:prePrune ├── run-async@2.3.0
45 silly idealTree:prePrune ├── rxjs@6.5.4
45 silly idealTree:prePrune ├── safe-buffer@5.1.2
45 silly idealTree:prePrune ├── safe-regex@1.1.0
45 silly idealTree:prePrune ├── safer-buffer@2.1.2
45 silly idealTree:prePrune ├── semver@6.3.0
45 silly idealTree:prePrune ├─┬ set-value@2.0.1
45 silly idealTree:prePrune │ └── extend-shallow@2.0.1
45 silly idealTree:prePrune ├── shebang-command@1.2.0
45 silly idealTree:prePrune ├── shebang-regex@1.0.0
45 silly idealTree:prePrune ├── signal-exit@3.0.2
45 silly idealTree:prePrune ├── slash@2.0.0
45 silly idealTree:prePrune ├─┬ slice-ansi@2.1.0
45 silly idealTree:prePrune │ └── is-fullwidth-code-point@2.0.0
45 silly idealTree:prePrune ├─┬ snapdragon-node@2.1.1
45 silly idealTree:prePrune │ ├── define-property@1.0.0
45 silly idealTree:prePrune │ ├── is-accessor-descriptor@1.0.0
45 silly idealTree:prePrune │ ├── is-data-descriptor@1.0.0
45 silly idealTree:prePrune │ └── is-descriptor@1.0.2
45 silly idealTree:prePrune ├─┬ snapdragon-util@3.0.1
45 silly idealTree:prePrune │ └── kind-of@3.2.2
45 silly idealTree:prePrune ├─┬ snapdragon@0.8.2
45 silly idealTree:prePrune │ ├── debug@2.6.9
45 silly idealTree:prePrune │ ├── define-property@0.2.5
45 silly idealTree:prePrune │ ├── extend-shallow@2.0.1
45 silly idealTree:prePrune │ └── ms@2.0.0
45 silly idealTree:prePrune ├── source-map-resolve@0.5.3
45 silly idealTree:prePrune ├─┬ source-map-support@0.5.16
45 silly idealTree:prePrune │ └── source-map@0.6.1
45 silly idealTree:prePrune ├── source-map-url@0.4.0
45 silly idealTree:prePrune ├── source-map@0.5.7
45 silly idealTree:prePrune ├── spdx-correct@3.1.0
45 silly idealTree:prePrune ├── spdx-exceptions@2.2.0
45 silly idealTree:prePrune ├── spdx-expression-parse@3.0.0
45 silly idealTree:prePrune ├── spdx-license-ids@3.0.5
45 silly idealTree:prePrune ├── split-string@3.1.0
45 silly idealTree:prePrune ├── sprintf-js@1.0.3
45 silly idealTree:prePrune ├─┬ static-extend@0.1.2
45 silly idealTree:prePrune │ └── define-property@0.2.5
45 silly idealTree:prePrune ├── string_decoder@1.1.1
45 silly idealTree:prePrune ├─┬ string-width@4.2.0
45 silly idealTree:prePrune │ └── strip-ansi@6.0.0
45 silly idealTree:prePrune ├── string.prototype.trimleft@2.1.1
45 silly idealTree:prePrune ├── string.prototype.trimright@2.1.1
45 silly idealTree:prePrune ├─┬ strip-ansi@5.2.0
45 silly idealTree:prePrune │ └── ansi-regex@4.1.0
45 silly idealTree:prePrune ├── strip-bom@3.0.0
45 silly idealTree:prePrune ├── strip-json-comments@3.0.1
45 silly idealTree:prePrune ├── supports-color@5.5.0
45 silly idealTree:prePrune ├─┬ table@5.4.6
45 silly idealTree:prePrune │ ├── emoji-regex@7.0.3
45 silly idealTree:prePrune │ ├── is-fullwidth-code-point@2.0.0
45 silly idealTree:prePrune │ └── string-width@3.1.0
45 silly idealTree:prePrune ├── text-table@0.2.0
45 silly idealTree:prePrune ├── through@2.3.8
45 silly idealTree:prePrune ├── tmp@0.0.33
45 silly idealTree:prePrune ├── to-fast-properties@2.0.0
45 silly idealTree:prePrune ├─┬ to-object-path@0.3.0
45 silly idealTree:prePrune │ └── kind-of@3.2.2
45 silly idealTree:prePrune ├── to-regex-range@2.1.1
45 silly idealTree:prePrune ├── to-regex@3.0.2
45 silly idealTree:prePrune ├── tslib@1.10.0
45 silly idealTree:prePrune ├── type-check@0.3.2
45 silly idealTree:prePrune ├── type-fest@0.8.1
45 silly idealTree:prePrune ├── unicode-canonical-property-names-ecmascript@1.0.4
45 silly idealTree:prePrune ├── unicode-match-property-ecmascript@1.0.4
45 silly idealTree:prePrune ├── unicode-match-property-value-ecmascript@1.1.0
45 silly idealTree:prePrune ├── unicode-property-aliases-ecmascript@1.0.5
45 silly idealTree:prePrune ├── union-value@1.0.1
45 silly idealTree:prePrune ├─┬ unset-value@1.0.0
45 silly idealTree:prePrune │ ├─┬ has-value@0.3.1
45 silly idealTree:prePrune │ │ └── isobject@2.1.0
45 silly idealTree:prePrune │ └── has-values@0.1.4
45 silly idealTree:prePrune ├── upath@1.2.0
45 silly idealTree:prePrune ├── uri-js@4.2.2
45 silly idealTree:prePrune ├── urix@0.1.0
45 silly idealTree:prePrune ├── use@3.1.1
45 silly idealTree:prePrune ├── util-deprecate@1.0.2
45 silly idealTree:prePrune ├── v8-compile-cache@2.1.0
45 silly idealTree:prePrune ├── v8flags@3.1.3
45 silly idealTree:prePrune ├── validate-npm-package-license@3.0.4
45 silly idealTree:prePrune ├── which@1.3.1
45 silly idealTree:prePrune ├── word-wrap@1.2.3
45 silly idealTree:prePrune ├── wrappy@1.0.2
45 silly idealTree:prePrune └── write@1.0.3
46 silly loadIdealTree Finishing
47 silly currentTree frontend-project-lvl1-turtleold@1.5.2
47 silly currentTree ├── @babel/cli@7.7.7
47 silly currentTree ├── @babel/code-frame@7.5.5
47 silly currentTree ├─┬ @babel/core@7.7.7
47 silly currentTree │ └── semver@5.7.1
47 silly currentTree ├── @babel/generator@7.7.7
47 silly currentTree ├── @babel/helper-annotate-as-pure@7.7.4
47 silly currentTree ├── @babel/helper-builder-binary-assignment-operator-visitor@7.7.4
47 silly currentTree ├── @babel/helper-call-delegate@7.7.4
47 silly currentTree ├── @babel/helper-create-regexp-features-plugin@7.7.4
47 silly currentTree ├── @babel/helper-define-map@7.7.4
47 silly currentTree ├── @babel/helper-explode-assignable-expression@7.7.4
47 silly currentTree ├── @babel/helper-function-name@7.7.4
47 silly currentTree ├── @babel/helper-get-function-arity@7.7.4
47 silly currentTree ├── @babel/helper-hoist-variables@7.7.4
47 silly currentTree ├── @babel/helper-member-expression-to-functions@7.7.4
47 silly currentTree ├── @babel/helper-module-imports@7.7.4
47 silly currentTree ├── @babel/helper-module-transforms@7.7.5
47 silly currentTree ├── @babel/helper-optimise-call-expression@7.7.4
47 silly currentTree ├── @babel/helper-plugin-utils@7.0.0
47 silly currentTree ├── @babel/helper-regex@7.5.5
47 silly currentTree ├── @babel/helper-remap-async-to-generator@7.7.4
47 silly currentTree ├── @babel/helper-replace-supers@7.7.4
47 silly currentTree ├── @babel/helper-simple-access@7.7.4
47 silly currentTree ├── @babel/helper-split-export-declaration@7.7.4
47 silly currentTree ├── @babel/helper-wrap-function@7.7.4
47 silly currentTree ├── @babel/helpers@7.7.4
47 silly currentTree ├── @babel/highlight@7.5.0
47 silly currentTree ├─┬ @babel/node@7.7.7
47 silly currentTree │ └── commander@2.20.3
47 silly currentTree ├── @babel/parser@7.7.7
47 silly currentTree ├── @babel/plugin-proposal-async-generator-functions@7.7.4
47 silly currentTree ├── @babel/plugin-proposal-dynamic-import@7.7.4
47 silly currentTree ├── @babel/plugin-proposal-json-strings@7.7.4
47 silly currentTree ├── @babel/plugin-proposal-object-rest-spread@7.7.7
47 silly currentTree ├── @babel/plugin-proposal-optional-catch-binding@7.7.4
47 silly currentTree ├── @babel/plugin-proposal-unicode-property-regex@7.7.7
47 silly currentTree ├── @babel/plugin-syntax-async-generators@7.7.4
47 silly currentTree ├── @babel/plugin-syntax-dynamic-import@7.7.4
47 silly currentTree ├── @babel/plugin-syntax-json-strings@7.7.4
47 silly currentTree ├── @babel/plugin-syntax-object-rest-spread@7.7.4
47 silly currentTree ├── @babel/plugin-syntax-optional-catch-binding@7.7.4
47 silly currentTree ├── @babel/plugin-syntax-top-level-await@7.7.4
47 silly currentTree ├── @babel/plugin-transform-arrow-functions@7.7.4
47 silly currentTree ├── @babel/plugin-transform-async-to-generator@7.7.4
47 silly currentTree ├── @babel/plugin-transform-block-scoped-functions@7.7.4
47 silly currentTree ├── @babel/plugin-transform-block-scoping@7.7.4
47 silly currentTree ├── @babel/plugin-transform-classes@7.7.4
47 silly currentTree ├── @babel/plugin-transform-computed-properties@7.7.4
47 silly currentTree ├── @babel/plugin-transform-destructuring@7.7.4
47 silly currentTree ├── @babel/plugin-transform-dotall-regex@7.7.7
47 silly currentTree ├── @babel/plugin-transform-duplicate-keys@7.7.4
47 silly currentTree ├── @babel/plugin-transform-exponentiation-operator@7.7.4
47 silly currentTree ├── @babel/plugin-transform-for-of@7.7.4
47 silly currentTree ├── @babel/plugin-transform-function-name@7.7.4
47 silly currentTree ├── @babel/plugin-transform-literals@7.7.4
47 silly currentTree ├── @babel/plugin-transform-member-expression-literals@7.7.4
47 silly currentTree ├── @babel/plugin-transform-modules-amd@7.7.5
47 silly currentTree ├── @babel/plugin-transform-modules-commonjs@7.7.5
47 silly currentTree ├── @babel/plugin-transform-modules-systemjs@7.7.4
47 silly currentTree ├── @babel/plugin-transform-modules-umd@7.7.4
47 silly currentTree ├── @babel/plugin-transform-named-capturing-groups-regex@7.7.4
47 silly currentTree ├── @babel/plugin-transform-new-target@7.7.4
47 silly currentTree ├── @babel/plugin-transform-object-super@7.7.4
47 silly currentTree ├── @babel/plugin-transform-parameters@7.7.7
47 silly currentTree ├── @babel/plugin-transform-property-literals@7.7.4
47 silly currentTree ├── @babel/plugin-transform-regenerator@7.7.5
47 silly currentTree ├── @babel/plugin-transform-reserved-words@7.7.4
47 silly currentTree ├── @babel/plugin-transform-shorthand-properties@7.7.4
47 silly currentTree ├── @babel/plugin-transform-spread@7.7.4
47 silly currentTree ├── @babel/plugin-transform-sticky-regex@7.7.4
47 silly currentTree ├── @babel/plugin-transform-template-literals@7.7.4
47 silly currentTree ├── @babel/plugin-transform-typeof-symbol@7.7.4
47 silly currentTree ├── @babel/plugin-transform-unicode-regex@7.7.4
47 silly currentTree ├─┬ @babel/preset-env@7.7.7
47 silly currentTree │ ├─┬ core-js-compat@3.6.3
47 silly currentTree │ │ └── semver@7.0.0
47 silly currentTree │ └── semver@5.7.1
47 silly currentTree ├─┬ @babel/register@7.7.7
47 silly currentTree │ ├── find-cache-dir@2.1.0
47 silly currentTree │ ├── find-up@3.0.0
47 silly currentTree │ ├── locate-path@3.0.0
47 silly currentTree │ ├── p-limit@2.2.2
47 silly currentTree │ ├── p-locate@3.0.0
47 silly currentTree │ ├── p-try@2.2.0
47 silly currentTree │ └── pkg-dir@3.0.0
47 silly currentTree ├── @babel/template@7.7.4
47 silly currentTree ├── @babel/traverse@7.7.4
47 silly currentTree ├── @babel/types@7.7.4
47 silly currentTree ├── acorn-jsx@5.1.0
47 silly currentTree ├── acorn@7.1.0
47 silly currentTree ├── ajv@6.10.2
47 silly currentTree ├── ansi-escapes@4.3.0
47 silly currentTree ├── ansi-regex@5.0.0
47 silly currentTree ├── ansi-styles@3.2.1
47 silly currentTree ├─┬ anymatch@2.0.0
47 silly currentTree │ └── normalize-path@2.1.1
47 silly currentTree ├── argparse@1.0.10
47 silly currentTree ├── arr-diff@4.0.0
47 silly currentTree ├── arr-flatten@1.1.0
47 silly currentTree ├── arr-union@3.1.0
47 silly currentTree ├── array-includes@3.1.1
47 silly currentTree ├── array-unique@0.3.2
47 silly currentTree ├── array.prototype.flat@1.2.3
47 silly currentTree ├── assign-symbols@1.0.0
47 silly currentTree ├── astral-regex@1.0.0
47 silly currentTree ├── async-each@1.0.3
47 silly currentTree ├── atob@2.1.2
47 silly currentTree ├── babel-eslint@10.0.3
47 silly currentTree ├── babel-plugin-dynamic-import-node@2.3.0
47 silly currentTree ├── balanced-match@1.0.0
47 silly currentTree ├─┬ base@0.11.2
47 silly currentTree │ ├── define-property@1.0.0
47 silly currentTree │ ├── is-accessor-descriptor@1.0.0
47 silly currentTree │ ├── is-data-descriptor@1.0.0
47 silly currentTree │ └── is-descriptor@1.0.2
47 silly currentTree ├── binary-extensions@1.13.1
47 silly currentTree ├── brace-expansion@1.1.11
47 silly currentTree ├─┬ braces@2.3.2
47 silly currentTree │ └── extend-shallow@2.0.1
47 silly currentTree ├── browserslist@4.8.3
47 silly currentTree ├── buffer-from@1.1.1
47 silly currentTree ├── cache-base@1.0.1
47 silly currentTree ├── callsites@3.1.0
47 silly currentTree ├── caniuse-lite@1.0.30001020
47 silly currentTree ├── chalk@2.4.2
47 silly currentTree ├── chardet@0.7.0
47 silly currentTree ├─┬ chokidar@2.1.8
47 silly currentTree │ └─┬ glob-parent@3.1.0
47 silly currentTree │   └── is-glob@3.1.0
47 silly currentTree ├─┬ class-utils@0.3.6
47 silly currentTree │ └── define-property@0.2.5
47 silly currentTree ├── cli-cursor@3.1.0
47 silly currentTree ├── cli-width@2.2.0
47 silly currentTree ├── collection-visit@1.0.0
47 silly currentTree ├── color-convert@1.9.3
47 silly currentTree ├── color-name@1.1.3
47 silly currentTree ├── commander@4.1.0
47 silly currentTree ├── commondir@1.0.1
47 silly currentTree ├── component-emitter@1.3.0
47 silly currentTree ├── concat-map@0.0.1
47 silly currentTree ├── confusing-browser-globals@1.0.9
47 silly currentTree ├── contains-path@0.1.0
47 silly currentTree ├── convert-source-map@1.7.0
47 silly currentTree ├── copy-descriptor@0.1.1
47 silly currentTree ├── core-js@3.6.3
47 silly currentTree ├── core-util-is@1.0.2
47 silly currentTree ├── debug@4.1.1
47 silly currentTree ├── decode-uri-component@0.2.0
47 silly currentTree ├── deep-is@0.1.3
47 silly currentTree ├── define-properties@1.1.3
47 silly currentTree ├─┬ define-property@2.0.2
47 silly currentTree │ ├── is-accessor-descriptor@1.0.0
47 silly currentTree │ ├── is-data-descriptor@1.0.0
47 silly currentTree │ └── is-descriptor@1.0.2
47 silly currentTree ├── doctrine@3.0.0
47 silly currentTree ├── electron-to-chromium@1.3.331
47 silly currentTree ├── emoji-regex@8.0.0
47 silly currentTree ├── error-ex@1.3.2
47 silly currentTree ├── es-abstract@1.17.0
47 silly currentTree ├── es-to-primitive@1.2.1
47 silly currentTree ├── escape-string-regexp@1.0.5
47 silly currentTree ├── eslint-config-airbnb-base@14.0.0
47 silly currentTree ├── eslint-plugin-babel@5.3.0
47 silly currentTree ├─┬ eslint-plugin-import@2.20.0
47 silly currentTree │ ├── debug@2.6.9
47 silly currentTree │ ├── doctrine@1.5.0
47 silly currentTree │ ├── eslint-import-resolver-node@0.3.3
47 silly currentTree │ ├── eslint-module-utils@2.5.1
47 silly currentTree │ └── ms@2.0.0
47 silly currentTree ├── eslint-rule-composer@0.3.0
47 silly currentTree ├── eslint-scope@5.0.0
47 silly currentTree ├── eslint-utils@1.4.3
47 silly currentTree ├── eslint-visitor-keys@1.1.0
47 silly currentTree ├─┬ eslint@6.8.0
47 silly currentTree │ ├─┬ cross-spawn@6.0.5
47 silly currentTree │ │ └── semver@5.7.1
47 silly currentTree │ └── globals@12.3.0
47 silly currentTree ├── espree@6.1.2
47 silly currentTree ├── esprima@4.0.1
47 silly currentTree ├── esquery@1.0.1
47 silly currentTree ├── esrecurse@4.2.1
47 silly currentTree ├── estraverse@4.3.0
47 silly currentTree ├── esutils@2.0.3
47 silly currentTree ├─┬ expand-brackets@2.1.4
47 silly currentTree │ ├── debug@2.6.9
47 silly currentTree │ ├── define-property@0.2.5
47 silly currentTree │ ├── extend-shallow@2.0.1
47 silly currentTree │ └── ms@2.0.0
47 silly currentTree ├─┬ extend-shallow@3.0.2
47 silly currentTree │ └── is-extendable@1.0.1
47 silly currentTree ├── external-editor@3.1.0
47 silly currentTree ├─┬ extglob@2.0.4
47 silly currentTree │ ├── define-property@1.0.0
47 silly currentTree │ ├── extend-shallow@2.0.1
47 silly currentTree │ ├── is-accessor-descriptor@1.0.0
47 silly currentTree │ ├── is-data-descriptor@1.0.0
47 silly currentTree │ └── is-descriptor@1.0.2
47 silly currentTree ├── fast-deep-equal@2.0.1
47 silly currentTree ├── fast-json-stable-stringify@2.1.0
47 silly currentTree ├── fast-levenshtein@2.0.6
47 silly currentTree ├── figures@3.1.0
47 silly currentTree ├── file-entry-cache@5.0.1
47 silly currentTree ├─┬ fill-range@4.0.0
47 silly currentTree │ └── extend-shallow@2.0.1
47 silly currentTree ├── find-up@2.1.0
47 silly currentTree ├── flat-cache@2.0.1
47 silly currentTree ├── flatted@2.0.1
47 silly currentTree ├── for-in@1.0.2
47 silly currentTree ├── fragment-cache@0.2.1
47 silly currentTree ├── fs-readdir-recursive@1.1.0
47 silly currentTree ├── fs.realpath@1.0.0
47 silly currentTree ├── function-bind@1.1.1
47 silly currentTree ├── functional-red-black-tree@1.0.1
47 silly currentTree ├── get-value@2.0.6
47 silly currentTree ├── glob-parent@5.1.0
47 silly currentTree ├── glob@7.1.6
47 silly currentTree ├── globals@11.12.0
47 silly currentTree ├── graceful-fs@4.2.3
47 silly currentTree ├── has-flag@3.0.0
47 silly currentTree ├── has-symbols@1.0.1
47 silly currentTree ├── has-value@1.0.0
47 silly currentTree ├─┬ has-values@1.0.0
47 silly currentTree │ └── kind-of@4.0.0
47 silly currentTree ├── has@1.0.3
47 silly currentTree ├── homedir-polyfill@1.0.3
47 silly currentTree ├── hosted-git-info@2.8.5
47 silly currentTree ├── iconv-lite@0.4.24
47 silly currentTree ├── ignore@4.0.6
47 silly currentTree ├── import-fresh@3.2.1
47 silly currentTree ├── imurmurhash@0.1.4
47 silly currentTree ├── inflight@1.0.6
47 silly currentTree ├── inherits@2.0.4
47 silly currentTree ├── inquirer@7.0.3
47 silly currentTree ├── invariant@2.2.4
47 silly currentTree ├─┬ is-accessor-descriptor@0.1.6
47 silly currentTree │ └── kind-of@3.2.2
47 silly currentTree ├── is-arrayish@0.2.1
47 silly currentTree ├── is-binary-path@1.0.1
47 silly currentTree ├── is-buffer@1.1.6
47 silly currentTree ├── is-callable@1.1.5
47 silly currentTree ├─┬ is-data-descriptor@0.1.4
47 silly currentTree │ └── kind-of@3.2.2
47 silly currentTree ├── is-date-object@1.0.2
47 silly currentTree ├─┬ is-descriptor@0.1.6
47 silly currentTree │ └── kind-of@5.1.0
47 silly currentTree ├── is-extendable@0.1.1
47 silly currentTree ├── is-extglob@2.1.1
47 silly currentTree ├── is-fullwidth-code-point@3.0.0
47 silly currentTree ├── is-glob@4.0.1
47 silly currentTree ├─┬ is-number@3.0.0
47 silly currentTree │ └── kind-of@3.2.2
47 silly currentTree ├── is-plain-object@2.0.4
47 silly currentTree ├── is-promise@2.1.0
47 silly currentTree ├── is-regex@1.0.5
47 silly currentTree ├── is-string@1.0.5
47 silly currentTree ├── is-symbol@1.0.3
47 silly currentTree ├── is-windows@1.0.2
47 silly currentTree ├── isarray@1.0.0
47 silly currentTree ├── isexe@2.0.0
47 silly currentTree ├── isobject@3.0.1
47 silly currentTree ├── js-levenshtein@1.1.6
47 silly currentTree ├── js-tokens@4.0.0
47 silly currentTree ├── js-yaml@3.13.1
47 silly currentTree ├── jsesc@2.5.2
47 silly currentTree ├── json-schema-traverse@0.4.1
47 silly currentTree ├── json-stable-stringify-without-jsonify@1.0.1
47 silly currentTree ├─┬ json5@2.1.1
47 silly currentTree │ └── minimist@1.2.0
47 silly currentTree ├── kind-of@6.0.2
47 silly currentTree ├── levn@0.3.0
47 silly currentTree ├── load-json-file@2.0.0
47 silly currentTree ├── locate-path@2.0.0
47 silly currentTree ├── lodash@4.17.15
47 silly currentTree ├── loose-envify@1.4.0
47 silly currentTree ├─┬ make-dir@2.1.0
47 silly currentTree │ ├── pify@4.0.1
47 silly currentTree │ └── semver@5.7.1
47 silly currentTree ├── map-cache@0.2.2
47 silly currentTree ├── map-visit@1.0.0
47 silly currentTree ├── micromatch@3.1.10
47 silly currentTree ├── mimic-fn@2.1.0
47 silly currentTree ├── minimatch@3.0.4
47 silly currentTree ├── minimist@0.0.8
47 silly currentTree ├─┬ mixin-deep@1.3.2
47 silly currentTree │ └── is-extendable@1.0.1
47 silly currentTree ├── mkdirp@0.5.1
47 silly currentTree ├── ms@2.1.2
47 silly currentTree ├── mute-stream@0.0.8
47 silly currentTree ├── nanomatch@1.2.13
47 silly currentTree ├── natural-compare@1.4.0
47 silly currentTree ├── nice-try@1.0.5
47 silly currentTree ├─┬ node-environment-flags@1.0.6
47 silly currentTree │ └── semver@5.7.1
47 silly currentTree ├── node-modules-regexp@1.0.0
47 silly currentTree ├── node-releases@1.1.45
47 silly currentTree ├─┬ normalize-package-data@2.5.0
47 silly currentTree │ └── semver@5.7.1
47 silly currentTree ├── normalize-path@3.0.0
47 silly currentTree ├─┬ object-copy@0.1.0
47 silly currentTree │ ├── define-property@0.2.5
47 silly currentTree │ └── kind-of@3.2.2
47 silly currentTree ├── object-inspect@1.7.0
47 silly currentTree ├── object-keys@1.1.1
47 silly currentTree ├── object-visit@1.0.1
47 silly currentTree ├── object.assign@4.1.0
47 silly currentTree ├── object.entries@1.1.1
47 silly currentTree ├── object.getownpropertydescriptors@2.1.0
47 silly currentTree ├── object.pick@1.3.0
47 silly currentTree ├── object.values@1.1.1
47 silly currentTree ├── once@1.4.0
47 silly currentTree ├── onetime@5.1.0
47 silly currentTree ├── optionator@0.8.3
47 silly currentTree ├── os-tmpdir@1.0.2
47 silly currentTree ├── p-limit@1.3.0
47 silly currentTree ├── p-locate@2.0.0
47 silly currentTree ├── p-try@1.0.0
47 silly currentTree ├── parent-module@1.0.1
47 silly currentTree ├── parse-json@2.2.0
47 silly currentTree ├── parse-passwd@1.0.0
47 silly currentTree ├── pascalcase@0.1.1
47 silly currentTree ├── path-dirname@1.0.2
47 silly currentTree ├── path-exists@3.0.0
47 silly currentTree ├── path-is-absolute@1.0.1
47 silly currentTree ├── path-key@2.0.1
47 silly currentTree ├── path-parse@1.0.6
47 silly currentTree ├── path-type@2.0.0
47 silly currentTree ├── pify@2.3.0
47 silly currentTree ├── pirates@4.0.1
47 silly currentTree ├── pkg-dir@2.0.0
47 silly currentTree ├── posix-character-classes@0.1.1
47 silly currentTree ├── prelude-ls@1.1.2
47 silly currentTree ├── private@0.1.8
47 silly currentTree ├── process-nextick-args@2.0.1
47 silly currentTree ├── progress@2.0.3
47 silly currentTree ├── punycode@2.1.1
47 silly currentTree ├── read-pkg-up@2.0.0
47 silly currentTree ├── read-pkg@2.0.0
47 silly currentTree ├── readable-stream@2.3.7
47 silly currentTree ├── readdirp@2.2.1
47 silly currentTree ├── readline-sync@1.4.10
47 silly currentTree ├── regenerate-unicode-properties@8.1.0
47 silly currentTree ├── regenerate@1.4.0
47 silly currentTree ├── regenerator-runtime@0.13.3
47 silly currentTree ├── regenerator-transform@0.14.1
47 silly currentTree ├── regex-not@1.0.2
47 silly currentTree ├── regexpp@2.0.1
47 silly currentTree ├── regexpu-core@4.6.0
47 silly currentTree ├── regjsgen@0.5.1
47 silly currentTree ├─┬ regjsparser@0.6.2
47 silly currentTree │ └── jsesc@0.5.0
47 silly currentTree ├── remove-trailing-separator@1.1.0
47 silly currentTree ├── repeat-element@1.1.3
47 silly currentTree ├── repeat-string@1.6.1
47 silly currentTree ├── resolve-from@4.0.0
47 silly currentTree ├── resolve-url@0.2.1
47 silly currentTree ├── resolve@1.14.2
47 silly currentTree ├── restore-cursor@3.1.0
47 silly currentTree ├── ret@0.1.15
47 silly currentTree ├── rimraf@2.6.3
47 silly currentTree ├── run-async@2.3.0
47 silly currentTree ├── rxjs@6.5.4
47 silly currentTree ├── safe-buffer@5.1.2
47 silly currentTree ├── safe-regex@1.1.0
47 silly currentTree ├── safer-buffer@2.1.2
47 silly currentTree ├── semver@6.3.0
47 silly currentTree ├─┬ set-value@2.0.1
47 silly currentTree │ └── extend-shallow@2.0.1
47 silly currentTree ├── shebang-command@1.2.0
47 silly currentTree ├── shebang-regex@1.0.0
47 silly currentTree ├── signal-exit@3.0.2
47 silly currentTree ├── slash@2.0.0
47 silly currentTree ├─┬ slice-ansi@2.1.0
47 silly currentTree │ └── is-fullwidth-code-point@2.0.0
47 silly currentTree ├─┬ snapdragon-node@2.1.1
47 silly currentTree │ ├── define-property@1.0.0
47 silly currentTree │ ├── is-accessor-descriptor@1.0.0
47 silly currentTree │ ├── is-data-descriptor@1.0.0
47 silly currentTree │ └── is-descriptor@1.0.2
47 silly currentTree ├─┬ snapdragon-util@3.0.1
47 silly currentTree │ └── kind-of@3.2.2
47 silly currentTree ├─┬ snapdragon@0.8.2
47 silly currentTree │ ├── debug@2.6.9
47 silly currentTree │ ├── define-property@0.2.5
47 silly currentTree │ ├── extend-shallow@2.0.1
47 silly currentTree │ └── ms@2.0.0
47 silly currentTree ├── source-map-resolve@0.5.3
47 silly currentTree ├─┬ source-map-support@0.5.16
47 silly currentTree │ └── source-map@0.6.1
47 silly currentTree ├── source-map-url@0.4.0
47 silly currentTree ├── source-map@0.5.7
47 silly currentTree ├── spdx-correct@3.1.0
47 silly currentTree ├── spdx-exceptions@2.2.0
47 silly currentTree ├── spdx-expression-parse@3.0.0
47 silly currentTree ├── spdx-license-ids@3.0.5
47 silly currentTree ├── split-string@3.1.0
47 silly currentTree ├── sprintf-js@1.0.3
47 silly currentTree ├─┬ static-extend@0.1.2
47 silly currentTree │ └── define-property@0.2.5
47 silly currentTree ├── string_decoder@1.1.1
47 silly currentTree ├─┬ string-width@4.2.0
47 silly currentTree │ └── strip-ansi@6.0.0
47 silly currentTree ├── string.prototype.trimleft@2.1.1
47 silly currentTree ├── string.prototype.trimright@2.1.1
47 silly currentTree ├─┬ strip-ansi@5.2.0
47 silly currentTree │ └── ansi-regex@4.1.0
47 silly currentTree ├── strip-bom@3.0.0
47 silly currentTree ├── strip-json-comments@3.0.1
47 silly currentTree ├── supports-color@5.5.0
47 silly currentTree ├─┬ table@5.4.6
47 silly currentTree │ ├── emoji-regex@7.0.3
47 silly currentTree │ ├── is-fullwidth-code-point@2.0.0
47 silly currentTree │ └── string-width@3.1.0
47 silly currentTree ├── text-table@0.2.0
47 silly currentTree ├── through@2.3.8
47 silly currentTree ├── tmp@0.0.33
47 silly currentTree ├── to-fast-properties@2.0.0
47 silly currentTree ├─┬ to-object-path@0.3.0
47 silly currentTree │ └── kind-of@3.2.2
47 silly currentTree ├── to-regex-range@2.1.1
47 silly currentTree ├── to-regex@3.0.2
47 silly currentTree ├── tslib@1.10.0
47 silly currentTree ├── type-check@0.3.2
47 silly currentTree ├── type-fest@0.8.1
47 silly currentTree ├── unicode-canonical-property-names-ecmascript@1.0.4
47 silly currentTree ├── unicode-match-property-ecmascript@1.0.4
47 silly currentTree ├── unicode-match-property-value-ecmascript@1.1.0
47 silly currentTree ├── unicode-property-aliases-ecmascript@1.0.5
47 silly currentTree ├── union-value@1.0.1
47 silly currentTree ├─┬ unset-value@1.0.0
47 silly currentTree │ ├─┬ has-value@0.3.1
47 silly currentTree │ │ └── isobject@2.1.0
47 silly currentTree │ └── has-values@0.1.4
47 silly currentTree ├── upath@1.2.0
47 silly currentTree ├── uri-js@4.2.2
47 silly currentTree ├── urix@0.1.0
47 silly currentTree ├── use@3.1.1
47 silly currentTree ├── util-deprecate@1.0.2
47 silly currentTree ├── v8-compile-cache@2.1.0
47 silly currentTree ├── v8flags@3.1.3
47 silly currentTree ├── validate-npm-package-license@3.0.4
47 silly currentTree ├── which@1.3.1
47 silly currentTree ├── word-wrap@1.2.3
47 silly currentTree ├── wrappy@1.0.2
47 silly currentTree └── write@1.0.3
48 silly idealTree frontend-project-lvl1-turtleold@1.5.2
48 silly idealTree ├── @babel/cli@7.7.7
48 silly idealTree ├── @babel/code-frame@7.5.5
48 silly idealTree ├─┬ @babel/core@7.7.7
48 silly idealTree │ └── semver@5.7.1
48 silly idealTree ├── @babel/generator@7.7.7
48 silly idealTree ├── @babel/helper-annotate-as-pure@7.7.4
48 silly idealTree ├── @babel/helper-builder-binary-assignment-operator-visitor@7.7.4
48 silly idealTree ├── @babel/helper-call-delegate@7.7.4
48 silly idealTree ├── @babel/helper-create-regexp-features-plugin@7.7.4
48 silly idealTree ├── @babel/helper-define-map@7.7.4
48 silly idealTree ├── @babel/helper-explode-assignable-expression@7.7.4
48 silly idealTree ├── @babel/helper-function-name@7.7.4
48 silly idealTree ├── @babel/helper-get-function-arity@7.7.4
48 silly idealTree ├── @babel/helper-hoist-variables@7.7.4
48 silly idealTree ├── @babel/helper-member-expression-to-functions@7.7.4
48 silly idealTree ├── @babel/helper-module-imports@7.7.4
48 silly idealTree ├── @babel/helper-module-transforms@7.7.5
48 silly idealTree ├── @babel/helper-optimise-call-expression@7.7.4
48 silly idealTree ├── @babel/helper-plugin-utils@7.0.0
48 silly idealTree ├── @babel/helper-regex@7.5.5
48 silly idealTree ├── @babel/helper-remap-async-to-generator@7.7.4
48 silly idealTree ├── @babel/helper-replace-supers@7.7.4
48 silly idealTree ├── @babel/helper-simple-access@7.7.4
48 silly idealTree ├── @babel/helper-split-export-declaration@7.7.4
48 silly idealTree ├── @babel/helper-wrap-function@7.7.4
48 silly idealTree ├── @babel/helpers@7.7.4
48 silly idealTree ├── @babel/highlight@7.5.0
48 silly idealTree ├─┬ @babel/node@7.7.7
48 silly idealTree │ └── commander@2.20.3
48 silly idealTree ├── @babel/parser@7.7.7
48 silly idealTree ├── @babel/plugin-proposal-async-generator-functions@7.7.4
48 silly idealTree ├── @babel/plugin-proposal-dynamic-import@7.7.4
48 silly idealTree ├── @babel/plugin-proposal-json-strings@7.7.4
48 silly idealTree ├── @babel/plugin-proposal-object-rest-spread@7.7.7
48 silly idealTree ├── @babel/plugin-proposal-optional-catch-binding@7.7.4
48 silly idealTree ├── @babel/plugin-proposal-unicode-property-regex@7.7.7
48 silly idealTree ├── @babel/plugin-syntax-async-generators@7.7.4
48 silly idealTree ├── @babel/plugin-syntax-dynamic-import@7.7.4
48 silly idealTree ├── @babel/plugin-syntax-json-strings@7.7.4
48 silly idealTree ├── @babel/plugin-syntax-object-rest-spread@7.7.4
48 silly idealTree ├── @babel/plugin-syntax-optional-catch-binding@7.7.4
48 silly idealTree ├── @babel/plugin-syntax-top-level-await@7.7.4
48 silly idealTree ├── @babel/plugin-transform-arrow-functions@7.7.4
48 silly idealTree ├── @babel/plugin-transform-async-to-generator@7.7.4
48 silly idealTree ├── @babel/plugin-transform-block-scoped-functions@7.7.4
48 silly idealTree ├── @babel/plugin-transform-block-scoping@7.7.4
48 silly idealTree ├── @babel/plugin-transform-classes@7.7.4
48 silly idealTree ├── @babel/plugin-transform-computed-properties@7.7.4
48 silly idealTree ├── @babel/plugin-transform-destructuring@7.7.4
48 silly idealTree ├── @babel/plugin-transform-dotall-regex@7.7.7
48 silly idealTree ├── @babel/plugin-transform-duplicate-keys@7.7.4
48 silly idealTree ├── @babel/plugin-transform-exponentiation-operator@7.7.4
48 silly idealTree ├── @babel/plugin-transform-for-of@7.7.4
48 silly idealTree ├── @babel/plugin-transform-function-name@7.7.4
48 silly idealTree ├── @babel/plugin-transform-literals@7.7.4
48 silly idealTree ├── @babel/plugin-transform-member-expression-literals@7.7.4
48 silly idealTree ├── @babel/plugin-transform-modules-amd@7.7.5
48 silly idealTree ├── @babel/plugin-transform-modules-commonjs@7.7.5
48 silly idealTree ├── @babel/plugin-transform-modules-systemjs@7.7.4
48 silly idealTree ├── @babel/plugin-transform-modules-umd@7.7.4
48 silly idealTree ├── @babel/plugin-transform-named-capturing-groups-regex@7.7.4
48 silly idealTree ├── @babel/plugin-transform-new-target@7.7.4
48 silly idealTree ├── @babel/plugin-transform-object-super@7.7.4
48 silly idealTree ├── @babel/plugin-transform-parameters@7.7.7
48 silly idealTree ├── @babel/plugin-transform-property-literals@7.7.4
48 silly idealTree ├── @babel/plugin-transform-regenerator@7.7.5
48 silly idealTree ├── @babel/plugin-transform-reserved-words@7.7.4
48 silly idealTree ├── @babel/plugin-transform-shorthand-properties@7.7.4
48 silly idealTree ├── @babel/plugin-transform-spread@7.7.4
48 silly idealTree ├── @babel/plugin-transform-sticky-regex@7.7.4
48 silly idealTree ├── @babel/plugin-transform-template-literals@7.7.4
48 silly idealTree ├── @babel/plugin-transform-typeof-symbol@7.7.4
48 silly idealTree ├── @babel/plugin-transform-unicode-regex@7.7.4
48 silly idealTree ├─┬ @babel/preset-env@7.7.7
48 silly idealTree │ ├─┬ core-js-compat@3.6.3
48 silly idealTree │ │ └── semver@7.0.0
48 silly idealTree │ └── semver@5.7.1
48 silly idealTree ├─┬ @babel/register@7.7.7
48 silly idealTree │ ├── find-cache-dir@2.1.0
48 silly idealTree │ ├── find-up@3.0.0
48 silly idealTree │ ├── locate-path@3.0.0
48 silly idealTree │ ├── p-limit@2.2.2
48 silly idealTree │ ├── p-locate@3.0.0
48 silly idealTree │ ├── p-try@2.2.0
48 silly idealTree │ └── pkg-dir@3.0.0
48 silly idealTree ├── @babel/template@7.7.4
48 silly idealTree ├── @babel/traverse@7.7.4
48 silly idealTree ├── @babel/types@7.7.4
48 silly idealTree ├── acorn-jsx@5.1.0
48 silly idealTree ├── acorn@7.1.0
48 silly idealTree ├── ajv@6.10.2
48 silly idealTree ├── ansi-escapes@4.3.0
48 silly idealTree ├── ansi-regex@5.0.0
48 silly idealTree ├── ansi-styles@3.2.1
48 silly idealTree ├─┬ anymatch@2.0.0
48 silly idealTree │ └── normalize-path@2.1.1
48 silly idealTree ├── argparse@1.0.10
48 silly idealTree ├── arr-diff@4.0.0
48 silly idealTree ├── arr-flatten@1.1.0
48 silly idealTree ├── arr-union@3.1.0
48 silly idealTree ├── array-includes@3.1.1
48 silly idealTree ├── array-unique@0.3.2
48 silly idealTree ├── array.prototype.flat@1.2.3
48 silly idealTree ├── assign-symbols@1.0.0
48 silly idealTree ├── astral-regex@1.0.0
48 silly idealTree ├── async-each@1.0.3
48 silly idealTree ├── atob@2.1.2
48 silly idealTree ├── babel-eslint@10.0.3
48 silly idealTree ├── babel-plugin-dynamic-import-node@2.3.0
48 silly idealTree ├── balanced-match@1.0.0
48 silly idealTree ├─┬ base@0.11.2
48 silly idealTree │ ├── define-property@1.0.0
48 silly idealTree │ ├── is-accessor-descriptor@1.0.0
48 silly idealTree │ ├── is-data-descriptor@1.0.0
48 silly idealTree │ └── is-descriptor@1.0.2
48 silly idealTree ├── binary-extensions@1.13.1
48 silly idealTree ├── brace-expansion@1.1.11
48 silly idealTree ├─┬ braces@2.3.2
48 silly idealTree │ └── extend-shallow@2.0.1
48 silly idealTree ├── browserslist@4.8.3
48 silly idealTree ├── buffer-from@1.1.1
48 silly idealTree ├── cache-base@1.0.1
48 silly idealTree ├── callsites@3.1.0
48 silly idealTree ├── caniuse-lite@1.0.30001020
48 silly idealTree ├── chalk@2.4.2
48 silly idealTree ├── chardet@0.7.0
48 silly idealTree ├─┬ chokidar@2.1.8
48 silly idealTree │ └─┬ glob-parent@3.1.0
48 silly idealTree │   └── is-glob@3.1.0
48 silly idealTree ├─┬ class-utils@0.3.6
48 silly idealTree │ └── define-property@0.2.5
48 silly idealTree ├── cli-cursor@3.1.0
48 silly idealTree ├── cli-width@2.2.0
48 silly idealTree ├── collection-visit@1.0.0
48 silly idealTree ├── color-convert@1.9.3
48 silly idealTree ├── color-name@1.1.3
48 silly idealTree ├── commander@4.1.0
48 silly idealTree ├── commondir@1.0.1
48 silly idealTree ├── component-emitter@1.3.0
48 silly idealTree ├── concat-map@0.0.1
48 silly idealTree ├── confusing-browser-globals@1.0.9
48 silly idealTree ├── contains-path@0.1.0
48 silly idealTree ├── convert-source-map@1.7.0
48 silly idealTree ├── copy-descriptor@0.1.1
48 silly idealTree ├── core-js@3.6.3
48 silly idealTree ├── core-util-is@1.0.2
48 silly idealTree ├── debug@4.1.1
48 silly idealTree ├── decode-uri-component@0.2.0
48 silly idealTree ├── deep-is@0.1.3
48 silly idealTree ├── define-properties@1.1.3
48 silly idealTree ├─┬ define-property@2.0.2
48 silly idealTree │ ├── is-accessor-descriptor@1.0.0
48 silly idealTree │ ├── is-data-descriptor@1.0.0
48 silly idealTree │ └── is-descriptor@1.0.2
48 silly idealTree ├── doctrine@3.0.0
48 silly idealTree ├── electron-to-chromium@1.3.331
48 silly idealTree ├── emoji-regex@8.0.0
48 silly idealTree ├── error-ex@1.3.2
48 silly idealTree ├── es-abstract@1.17.0
48 silly idealTree ├── es-to-primitive@1.2.1
48 silly idealTree ├── escape-string-regexp@1.0.5
48 silly idealTree ├── eslint-config-airbnb-base@14.0.0
48 silly idealTree ├── eslint-plugin-babel@5.3.0
48 silly idealTree ├─┬ eslint-plugin-import@2.20.0
48 silly idealTree │ ├── debug@2.6.9
48 silly idealTree │ ├── doctrine@1.5.0
48 silly idealTree │ ├── eslint-import-resolver-node@0.3.3
48 silly idealTree │ ├── eslint-module-utils@2.5.1
48 silly idealTree │ └── ms@2.0.0
48 silly idealTree ├── eslint-rule-composer@0.3.0
48 silly idealTree ├── eslint-scope@5.0.0
48 silly idealTree ├── eslint-utils@1.4.3
48 silly idealTree ├── eslint-visitor-keys@1.1.0
48 silly idealTree ├─┬ eslint@6.8.0
48 silly idealTree │ ├─┬ cross-spawn@6.0.5
48 silly idealTree │ │ └── semver@5.7.1
48 silly idealTree │ └── globals@12.3.0
48 silly idealTree ├── espree@6.1.2
48 silly idealTree ├── esprima@4.0.1
48 silly idealTree ├── esquery@1.0.1
48 silly idealTree ├── esrecurse@4.2.1
48 silly idealTree ├── estraverse@4.3.0
48 silly idealTree ├── esutils@2.0.3
48 silly idealTree ├─┬ expand-brackets@2.1.4
48 silly idealTree │ ├── debug@2.6.9
48 silly idealTree │ ├── define-property@0.2.5
48 silly idealTree │ ├── extend-shallow@2.0.1
48 silly idealTree │ └── ms@2.0.0
48 silly idealTree ├─┬ extend-shallow@3.0.2
48 silly idealTree │ └── is-extendable@1.0.1
48 silly idealTree ├── external-editor@3.1.0
48 silly idealTree ├─┬ extglob@2.0.4
48 silly idealTree │ ├── define-property@1.0.0
48 silly idealTree │ ├── extend-shallow@2.0.1
48 silly idealTree │ ├── is-accessor-descriptor@1.0.0
48 silly idealTree │ ├── is-data-descriptor@1.0.0
48 silly idealTree │ └── is-descriptor@1.0.2
48 silly idealTree ├── fast-deep-equal@2.0.1
48 silly idealTree ├── fast-json-stable-stringify@2.1.0
48 silly idealTree ├── fast-levenshtein@2.0.6
48 silly idealTree ├── figures@3.1.0
48 silly idealTree ├── file-entry-cache@5.0.1
48 silly idealTree ├─┬ fill-range@4.0.0
48 silly idealTree │ └── extend-shallow@2.0.1
48 silly idealTree ├── find-up@2.1.0
48 silly idealTree ├── flat-cache@2.0.1
48 silly idealTree ├── flatted@2.0.1
48 silly idealTree ├── for-in@1.0.2
48 silly idealTree ├── fragment-cache@0.2.1
48 silly idealTree ├── fs-readdir-recursive@1.1.0
48 silly idealTree ├── fs.realpath@1.0.0
48 silly idealTree ├── function-bind@1.1.1
48 silly idealTree ├── functional-red-black-tree@1.0.1
48 silly idealTree ├── get-value@2.0.6
48 silly idealTree ├── glob-parent@5.1.0
48 silly idealTree ├── glob@7.1.6
48 silly idealTree ├── globals@11.12.0
48 silly idealTree ├── graceful-fs@4.2.3
48 silly idealTree ├── has-flag@3.0.0
48 silly idealTree ├── has-symbols@1.0.1
48 silly idealTree ├── has-value@1.0.0
48 silly idealTree ├─┬ has-values@1.0.0
48 silly idealTree │ └── kind-of@4.0.0
48 silly idealTree ├── has@1.0.3
48 silly idealTree ├── homedir-polyfill@1.0.3
48 silly idealTree ├── hosted-git-info@2.8.5
48 silly idealTree ├── iconv-lite@0.4.24
48 silly idealTree ├── ignore@4.0.6
48 silly idealTree ├── import-fresh@3.2.1
48 silly idealTree ├── imurmurhash@0.1.4
48 silly idealTree ├── inflight@1.0.6
48 silly idealTree ├── inherits@2.0.4
48 silly idealTree ├── inquirer@7.0.3
48 silly idealTree ├── invariant@2.2.4
48 silly idealTree ├─┬ is-accessor-descriptor@0.1.6
48 silly idealTree │ └── kind-of@3.2.2
48 silly idealTree ├── is-arrayish@0.2.1
48 silly idealTree ├── is-binary-path@1.0.1
48 silly idealTree ├── is-buffer@1.1.6
48 silly idealTree ├── is-callable@1.1.5
48 silly idealTree ├─┬ is-data-descriptor@0.1.4
48 silly idealTree │ └── kind-of@3.2.2
48 silly idealTree ├── is-date-object@1.0.2
48 silly idealTree ├─┬ is-descriptor@0.1.6
48 silly idealTree │ └── kind-of@5.1.0
48 silly idealTree ├── is-extendable@0.1.1
48 silly idealTree ├── is-extglob@2.1.1
48 silly idealTree ├── is-fullwidth-code-point@3.0.0
48 silly idealTree ├── is-glob@4.0.1
48 silly idealTree ├─┬ is-number@3.0.0
48 silly idealTree │ └── kind-of@3.2.2
48 silly idealTree ├── is-plain-object@2.0.4
48 silly idealTree ├── is-promise@2.1.0
48 silly idealTree ├── is-regex@1.0.5
48 silly idealTree ├── is-string@1.0.5
48 silly idealTree ├── is-symbol@1.0.3
48 silly idealTree ├── is-windows@1.0.2
48 silly idealTree ├── isarray@1.0.0
48 silly idealTree ├── isexe@2.0.0
48 silly idealTree ├── isobject@3.0.1
48 silly idealTree ├── js-levenshtein@1.1.6
48 silly idealTree ├── js-tokens@4.0.0
48 silly idealTree ├── js-yaml@3.13.1
48 silly idealTree ├── jsesc@2.5.2
48 silly idealTree ├── json-schema-traverse@0.4.1
48 silly idealTree ├── json-stable-stringify-without-jsonify@1.0.1
48 silly idealTree ├─┬ json5@2.1.1
48 silly idealTree │ └── minimist@1.2.0
48 silly idealTree ├── kind-of@6.0.2
48 silly idealTree ├── levn@0.3.0
48 silly idealTree ├── load-json-file@2.0.0
48 silly idealTree ├── locate-path@2.0.0
48 silly idealTree ├── lodash@4.17.15
48 silly idealTree ├── loose-envify@1.4.0
48 silly idealTree ├─┬ make-dir@2.1.0
48 silly idealTree │ ├── pify@4.0.1
48 silly idealTree │ └── semver@5.7.1
48 silly idealTree ├── map-cache@0.2.2
48 silly idealTree ├── map-visit@1.0.0
48 silly idealTree ├── micromatch@3.1.10
48 silly idealTree ├── mimic-fn@2.1.0
48 silly idealTree ├── minimatch@3.0.4
48 silly idealTree ├── minimist@0.0.8
48 silly idealTree ├─┬ mixin-deep@1.3.2
48 silly idealTree │ └── is-extendable@1.0.1
48 silly idealTree ├── mkdirp@0.5.1
48 silly idealTree ├── ms@2.1.2
48 silly idealTree ├── mute-stream@0.0.8
48 silly idealTree ├── nanomatch@1.2.13
48 silly idealTree ├── natural-compare@1.4.0
48 silly idealTree ├── nice-try@1.0.5
48 silly idealTree ├─┬ node-environment-flags@1.0.6
48 silly idealTree │ └── semver@5.7.1
48 silly idealTree ├── node-modules-regexp@1.0.0
48 silly idealTree ├── node-releases@1.1.45
48 silly idealTree ├─┬ normalize-package-data@2.5.0
48 silly idealTree │ └── semver@5.7.1
48 silly idealTree ├── normalize-path@3.0.0
48 silly idealTree ├─┬ object-copy@0.1.0
48 silly idealTree │ ├── define-property@0.2.5
48 silly idealTree │ └── kind-of@3.2.2
48 silly idealTree ├── object-inspect@1.7.0
48 silly idealTree ├── object-keys@1.1.1
48 silly idealTree ├── object-visit@1.0.1
48 silly idealTree ├── object.assign@4.1.0
48 silly idealTree ├── object.entries@1.1.1
48 silly idealTree ├── object.getownpropertydescriptors@2.1.0
48 silly idealTree ├── object.pick@1.3.0
48 silly idealTree ├── object.values@1.1.1
48 silly idealTree ├── once@1.4.0
48 silly idealTree ├── onetime@5.1.0
48 silly idealTree ├── optionator@0.8.3
48 silly idealTree ├── os-tmpdir@1.0.2
48 silly idealTree ├── p-limit@1.3.0
48 silly idealTree ├── p-locate@2.0.0
48 silly idealTree ├── p-try@1.0.0
48 silly idealTree ├── parent-module@1.0.1
48 silly idealTree ├── parse-json@2.2.0
48 silly idealTree ├── parse-passwd@1.0.0
48 silly idealTree ├── pascalcase@0.1.1
48 silly idealTree ├── path-dirname@1.0.2
48 silly idealTree ├── path-exists@3.0.0
48 silly idealTree ├── path-is-absolute@1.0.1
48 silly idealTree ├── path-key@2.0.1
48 silly idealTree ├── path-parse@1.0.6
48 silly idealTree ├── path-type@2.0.0
48 silly idealTree ├── pify@2.3.0
48 silly idealTree ├── pirates@4.0.1
48 silly idealTree ├── pkg-dir@2.0.0
48 silly idealTree ├── posix-character-classes@0.1.1
48 silly idealTree ├── prelude-ls@1.1.2
48 silly idealTree ├── private@0.1.8
48 silly idealTree ├── process-nextick-args@2.0.1
48 silly idealTree ├── progress@2.0.3
48 silly idealTree ├── punycode@2.1.1
48 silly idealTree ├── read-pkg-up@2.0.0
48 silly idealTree ├── read-pkg@2.0.0
48 silly idealTree ├── readable-stream@2.3.7
48 silly idealTree ├── readdirp@2.2.1
48 silly idealTree ├── readline-sync@1.4.10
48 silly idealTree ├── regenerate-unicode-properties@8.1.0
48 silly idealTree ├── regenerate@1.4.0
48 silly idealTree ├── regenerator-runtime@0.13.3
48 silly idealTree ├── regenerator-transform@0.14.1
48 silly idealTree ├── regex-not@1.0.2
48 silly idealTree ├── regexpp@2.0.1
48 silly idealTree ├── regexpu-core@4.6.0
48 silly idealTree ├── regjsgen@0.5.1
48 silly idealTree ├─┬ regjsparser@0.6.2
48 silly idealTree │ └── jsesc@0.5.0
48 silly idealTree ├── remove-trailing-separator@1.1.0
48 silly idealTree ├── repeat-element@1.1.3
48 silly idealTree ├── repeat-string@1.6.1
48 silly idealTree ├── resolve-from@4.0.0
48 silly idealTree ├── resolve-url@0.2.1
48 silly idealTree ├── resolve@1.14.2
48 silly idealTree ├── restore-cursor@3.1.0
48 silly idealTree ├── ret@0.1.15
48 silly idealTree ├── rimraf@2.6.3
48 silly idealTree ├── run-async@2.3.0
48 silly idealTree ├── rxjs@6.5.4
48 silly idealTree ├── safe-buffer@5.1.2
48 silly idealTree ├── safe-regex@1.1.0
48 silly idealTree ├── safer-buffer@2.1.2
48 silly idealTree ├── semver@6.3.0
48 silly idealTree ├─┬ set-value@2.0.1
48 silly idealTree │ └── extend-shallow@2.0.1
48 silly idealTree ├── shebang-command@1.2.0
48 silly idealTree ├── shebang-regex@1.0.0
48 silly idealTree ├── signal-exit@3.0.2
48 silly idealTree ├── slash@2.0.0
48 silly idealTree ├─┬ slice-ansi@2.1.0
48 silly idealTree │ └── is-fullwidth-code-point@2.0.0
48 silly idealTree ├─┬ snapdragon-node@2.1.1
48 silly idealTree │ ├── define-property@1.0.0
48 silly idealTree │ ├── is-accessor-descriptor@1.0.0
48 silly idealTree │ ├── is-data-descriptor@1.0.0
48 silly idealTree │ └── is-descriptor@1.0.2
48 silly idealTree ├─┬ snapdragon-util@3.0.1
48 silly idealTree │ └── kind-of@3.2.2
48 silly idealTree ├─┬ snapdragon@0.8.2
48 silly idealTree │ ├── debug@2.6.9
48 silly idealTree │ ├── define-property@0.2.5
48 silly idealTree │ ├── extend-shallow@2.0.1
48 silly idealTree │ └── ms@2.0.0
48 silly idealTree ├── source-map-resolve@0.5.3
48 silly idealTree ├─┬ source-map-support@0.5.16
48 silly idealTree │ └── source-map@0.6.1
48 silly idealTree ├── source-map-url@0.4.0
48 silly idealTree ├── source-map@0.5.7
48 silly idealTree ├── spdx-correct@3.1.0
48 silly idealTree ├── spdx-exceptions@2.2.0
48 silly idealTree ├── spdx-expression-parse@3.0.0
48 silly idealTree ├── spdx-license-ids@3.0.5
48 silly idealTree ├── split-string@3.1.0
48 silly idealTree ├── sprintf-js@1.0.3
48 silly idealTree ├─┬ static-extend@0.1.2
48 silly idealTree │ └── define-property@0.2.5
48 silly idealTree ├── string_decoder@1.1.1
48 silly idealTree ├─┬ string-width@4.2.0
48 silly idealTree │ └── strip-ansi@6.0.0
48 silly idealTree ├── string.prototype.trimleft@2.1.1
48 silly idealTree ├── string.prototype.trimright@2.1.1
48 silly idealTree ├─┬ strip-ansi@5.2.0
48 silly idealTree │ └── ansi-regex@4.1.0
48 silly idealTree ├── strip-bom@3.0.0
48 silly idealTree ├── strip-json-comments@3.0.1
48 silly idealTree ├── supports-color@5.5.0
48 silly idealTree ├─┬ table@5.4.6
48 silly idealTree │ ├── emoji-regex@7.0.3
48 silly idealTree │ ├── is-fullwidth-code-point@2.0.0
48 silly idealTree │ └── string-width@3.1.0
48 silly idealTree ├── text-table@0.2.0
48 silly idealTree ├── through@2.3.8
48 silly idealTree ├── tmp@0.0.33
48 silly idealTree ├── to-fast-properties@2.0.0
48 silly idealTree ├─┬ to-object-path@0.3.0
48 silly idealTree │ └── kind-of@3.2.2
48 silly idealTree ├── to-regex-range@2.1.1
48 silly idealTree ├── to-regex@3.0.2
48 silly idealTree ├── tslib@1.10.0
48 silly idealTree ├── type-check@0.3.2
48 silly idealTree ├── type-fest@0.8.1
48 silly idealTree ├── unicode-canonical-property-names-ecmascript@1.0.4
48 silly idealTree ├── unicode-match-property-ecmascript@1.0.4
48 silly idealTree ├── unicode-match-property-value-ecmascript@1.1.0
48 silly idealTree ├── unicode-property-aliases-ecmascript@1.0.5
48 silly idealTree ├── union-value@1.0.1
48 silly idealTree ├─┬ unset-value@1.0.0
48 silly idealTree │ ├─┬ has-value@0.3.1
48 silly idealTree │ │ └── isobject@2.1.0
48 silly idealTree │ └── has-values@0.1.4
48 silly idealTree ├── upath@1.2.0
48 silly idealTree ├── uri-js@4.2.2
48 silly idealTree ├── urix@0.1.0
48 silly idealTree ├── use@3.1.1
48 silly idealTree ├── util-deprecate@1.0.2
48 silly idealTree ├── v8-compile-cache@2.1.0
48 silly idealTree ├── v8flags@3.1.3
48 silly idealTree ├── validate-npm-package-license@3.0.4
48 silly idealTree ├── which@1.3.1
48 silly idealTree ├── word-wrap@1.2.3
48 silly idealTree ├── wrappy@1.0.2
48 silly idealTree └── write@1.0.3
49 silly generateActionsToTake Starting
50 silly install generateActionsToTake
51 silly generateActionsToTake Finishing
52 silly diffTrees action count 0
53 silly decomposeActions action count 0
54 silly executeActions Starting
55 silly install executeActions
56 silly doSerial global-install 0
57 silly doParallel fetch 0
58 verbose lock using /home/turtle/.npm/_locks/staging-b0748643d2290a36.lock for /home/turtle/project/frontend-project-lvl1/node_modules/.staging
59 silly doParallel extract 0
60 silly doParallel preinstall 0
61 silly doReverseSerial remove 0
62 silly doSerial move 0
63 silly doSerial finalize 0
64 silly doSerial build 0
65 silly doSerial global-link 0
66 silly doParallel update-linked 0
67 silly doSerial install 0
68 silly doSerial postinstall 0
69 verbose unlock done using /home/turtle/.npm/_locks/staging-b0748643d2290a36.lock for /home/turtle/project/frontend-project-lvl1/node_modules/.staging
70 silly executeActions Finishing
71 silly rollbackFailedOptional Starting
72 silly rollbackFailedOptional Finishing
73 silly runTopLevelLifecycles Starting
74 silly install runTopLevelLifecycles
75 silly preinstall frontend-project-lvl1-turtleold@1.5.2 /home/turtle/project/frontend-project-lvl1/frontend-project-lvl1-turtleold-27ee1ae2
76 info lifecycle frontend-project-lvl1-turtleold@1.5.2~preinstall: frontend-project-lvl1-turtleold@1.5.2
77 silly lifecycle frontend-project-lvl1-turtleold@1.5.2~preinstall: no script for preinstall, continuing
78 silly build frontend-project-lvl1-turtleold@1.5.2
79 info linkStuff frontend-project-lvl1-turtleold@1.5.2
80 silly linkStuff frontend-project-lvl1-turtleold@1.5.2 has /home/turtle/project as its parent node_modules
81 verbose linkBins frontend-project-lvl1-turtleold@1.5.2
82 verbose linkMans frontend-project-lvl1-turtleold@1.5.2
83 silly install frontend-project-lvl1-turtleold@1.5.2 /home/turtle/project/frontend-project-lvl1/frontend-project-lvl1-turtleold-27ee1ae2
84 info lifecycle frontend-project-lvl1-turtleold@1.5.2~install: frontend-project-lvl1-turtleold@1.5.2
85 silly lifecycle frontend-project-lvl1-turtleold@1.5.2~install: no script for install, continuing
86 silly postinstall frontend-project-lvl1-turtleold@1.5.2 /home/turtle/project/frontend-project-lvl1/frontend-project-lvl1-turtleold-27ee1ae2
87 info lifecycle frontend-project-lvl1-turtleold@1.5.2~postinstall: frontend-project-lvl1-turtleold@1.5.2
88 silly lifecycle frontend-project-lvl1-turtleold@1.5.2~postinstall: no script for postinstall, continuing
89 silly prepublish frontend-project-lvl1-turtleold@1.5.2 /home/turtle/project/frontend-project-lvl1/frontend-project-lvl1-turtleold-27ee1ae2
90 info lifecycle frontend-project-lvl1-turtleold@1.5.2~prepublish: frontend-project-lvl1-turtleold@1.5.2
91 silly lifecycle frontend-project-lvl1-turtleold@1.5.2~prepublish: no script for prepublish, continuing
92 silly runTopLevelLifecycles Finishing
93 silly install printInstalled
94 warn optional Skipping failed optional dependency /chokidar/fsevents:
95 warn notsup Not compatible with your operating system or architecture: fsevents@1.2.11
96 info build /usr/local/lib/node_modules/frontend-project-lvl1-turtleold
97 info linkStuff frontend-project-lvl1-turtleold@1.5.2
98 silly linkStuff frontend-project-lvl1-turtleold@1.5.2 has /usr/local/lib/node_modules as its parent node_modules
99 silly linkStuff frontend-project-lvl1-turtleold@1.5.2 is part of a global install
100 silly linkStuff frontend-project-lvl1-turtleold@1.5.2 is installed into a global node_modules
101 silly linkStuff frontend-project-lvl1-turtleold@1.5.2 is installed into the top-level global node_modules
102 verbose linkBins frontend-project-lvl1-turtleold@1.5.2
103 verbose link bins [ { start: 'src/bin/brain-games.js',
103 verbose link bins     'brain-games': 'dist/bin/brain-games.js',
103 verbose link bins     'brain-even': 'dist/bin/brain-even.js',
103 verbose link bins     'brain-calc': 'dist/bin/brain-calc.js',
103 verbose link bins     'brain-gcd': 'dist/bin/brain-gcd.js',
103 verbose link bins     'brain-progression': 'dist/bin/brain-progression.js' },
103 verbose link bins   '/usr/local/bin',
103 verbose link bins   true ]
104 verbose linkMans frontend-project-lvl1-turtleold@1.5.2
105 verbose stack Error: ENOENT: no such file or directory, chmod '/usr/local/lib/node_modules/frontend-project-lvl1-turtleold/src/bin/brain-games.js'
106 verbose cwd /home/turtle/project/frontend-project-lvl1
107 error Linux 4.4.0-18362-Microsoft
108 error argv "/usr/bin/node" "/usr/bin/npm" "link"
109 error node v8.10.0
110 error npm  v3.5.2
111 error path /usr/local/lib/node_modules/frontend-project-lvl1-turtleold/src/bin/brain-games.js
112 error code ENOENT
113 error errno -2
114 error syscall chmod
115 error enoent ENOENT: no such file or directory, chmod '/usr/local/lib/node_modules/frontend-project-lvl1-turtleold/src/bin/brain-games.js'
116 error enoent ENOENT: no such file or directory, chmod '/usr/local/lib/node_modules/frontend-project-lvl1-turtleold/src/bin/brain-games.js'
116 error enoent This is most likely not a problem with npm itself
116 error enoent and is related to npm not being able to find a file.
117 verbose exit [ -2, true ]
